<?xml version="1.0" encoding="UTF-8"?>
<testsuite name="com.Recordum.start.StartApplicationTests" tests="1" skipped="0" failures="0" errors="0" timestamp="2022-11-23T07:35:25" hostname="DEVMIN" time="0.405">
  <properties/>
  <testcase name="contextLoads()" classname="com.Recordum.start.StartApplicationTests" time="0.405"/>
  <system-out><![CDATA[16:35:23.875 [Test worker] DEBUG org.springframework.test.context.BootstrapUtils - Instantiating CacheAwareContextLoaderDelegate from class [org.springframework.test.context.cache.DefaultCacheAwareContextLoaderDelegate]
16:35:23.883 [Test worker] DEBUG org.springframework.test.context.BootstrapUtils - Instantiating BootstrapContext using constructor [public org.springframework.test.context.support.DefaultBootstrapContext(java.lang.Class,org.springframework.test.context.CacheAwareContextLoaderDelegate)]
16:35:23.908 [Test worker] DEBUG org.springframework.test.context.BootstrapUtils - Instantiating TestContextBootstrapper for test class [com.Recordum.start.StartApplicationTests] from class [org.springframework.boot.test.context.SpringBootTestContextBootstrapper]
16:35:23.915 [Test worker] INFO org.springframework.boot.test.context.SpringBootTestContextBootstrapper - Neither @ContextConfiguration nor @ContextHierarchy found for test class [com.Recordum.start.StartApplicationTests], using SpringBootContextLoader
16:35:23.918 [Test worker] DEBUG org.springframework.test.context.support.AbstractContextLoader - Did not detect default resource location for test class [com.Recordum.start.StartApplicationTests]: class path resource [com/Recordum/start/StartApplicationTests-context.xml] does not exist
16:35:23.918 [Test worker] DEBUG org.springframework.test.context.support.AbstractContextLoader - Did not detect default resource location for test class [com.Recordum.start.StartApplicationTests]: class path resource [com/Recordum/start/StartApplicationTestsContext.groovy] does not exist
16:35:23.918 [Test worker] INFO org.springframework.test.context.support.AbstractContextLoader - Could not detect default resource locations for test class [com.Recordum.start.StartApplicationTests]: no resource found for suffixes {-context.xml, Context.groovy}.
16:35:23.919 [Test worker] INFO org.springframework.test.context.support.AnnotationConfigContextLoaderUtils - Could not detect default configuration classes for test class [com.Recordum.start.StartApplicationTests]: StartApplicationTests does not declare any static, non-private, non-final, nested classes annotated with @Configuration.
16:35:23.947 [Test worker] DEBUG org.springframework.test.context.support.ActiveProfilesUtils - Could not find an 'annotation declaring class' for annotation type [org.springframework.test.context.ActiveProfiles] and class [com.Recordum.start.StartApplicationTests]
16:35:23.992 [Test worker] DEBUG org.springframework.context.annotation.ClassPathScanningCandidateComponentProvider - Identified candidate component class: file [C:\Users\mingy\OneDrive\바탕 화면\Study\Spring\start\build\classes\java\main\com\Recordum\start\StartApplication.class]
16:35:23.994 [Test worker] INFO org.springframework.boot.test.context.SpringBootTestContextBootstrapper - Found @SpringBootConfiguration com.Recordum.start.StartApplication for test class com.Recordum.start.StartApplicationTests
16:35:24.083 [Test worker] DEBUG org.springframework.boot.test.context.SpringBootTestContextBootstrapper - @TestExecutionListeners is not present for class [com.Recordum.start.StartApplicationTests]: using defaults.
16:35:24.084 [Test worker] INFO org.springframework.boot.test.context.SpringBootTestContextBootstrapper - Loaded default TestExecutionListener class names from location [META-INF/spring.factories]: [org.springframework.boot.test.autoconfigure.restdocs.RestDocsTestExecutionListener, org.springframework.boot.test.autoconfigure.web.client.MockRestServiceServerResetTestExecutionListener, org.springframework.boot.test.autoconfigure.web.servlet.MockMvcPrintOnlyOnFailureTestExecutionListener, org.springframework.boot.test.autoconfigure.web.servlet.WebDriverTestExecutionListener, org.springframework.boot.test.autoconfigure.webservices.client.MockWebServiceServerTestExecutionListener, org.springframework.boot.test.mock.mockito.MockitoTestExecutionListener, org.springframework.boot.test.mock.mockito.ResetMocksTestExecutionListener, org.springframework.test.context.web.ServletTestExecutionListener, org.springframework.test.context.support.DirtiesContextBeforeModesTestExecutionListener, org.springframework.test.context.event.ApplicationEventsTestExecutionListener, org.springframework.test.context.support.DependencyInjectionTestExecutionListener, org.springframework.test.context.support.DirtiesContextTestExecutionListener, org.springframework.test.context.transaction.TransactionalTestExecutionListener, org.springframework.test.context.jdbc.SqlScriptsTestExecutionListener, org.springframework.test.context.event.EventPublishingTestExecutionListener]
16:35:24.092 [Test worker] DEBUG org.springframework.boot.test.context.SpringBootTestContextBootstrapper - Skipping candidate TestExecutionListener [org.springframework.test.context.transaction.TransactionalTestExecutionListener] due to a missing dependency. Specify custom listener classes or make the default listener classes and their required dependencies available. Offending class: [org/springframework/transaction/interceptor/TransactionAttributeSource]
16:35:24.093 [Test worker] DEBUG org.springframework.boot.test.context.SpringBootTestContextBootstrapper - Skipping candidate TestExecutionListener [org.springframework.test.context.jdbc.SqlScriptsTestExecutionListener] due to a missing dependency. Specify custom listener classes or make the default listener classes and their required dependencies available. Offending class: [org/springframework/transaction/interceptor/TransactionAttribute]
16:35:24.093 [Test worker] INFO org.springframework.boot.test.context.SpringBootTestContextBootstrapper - Using TestExecutionListeners: [org.springframework.test.context.web.ServletTestExecutionListener@10fde30a, org.springframework.test.context.support.DirtiesContextBeforeModesTestExecutionListener@f27ea3, org.springframework.test.context.event.ApplicationEventsTestExecutionListener@1ce61929, org.springframework.boot.test.mock.mockito.MockitoTestExecutionListener@346939bf, org.springframework.boot.test.autoconfigure.SpringBootDependencyInjectionTestExecutionListener@4bf3798b, org.springframework.test.context.support.DirtiesContextTestExecutionListener@58670130, org.springframework.test.context.event.EventPublishingTestExecutionListener@74e47444, org.springframework.boot.test.autoconfigure.restdocs.RestDocsTestExecutionListener@9bd0fa6, org.springframework.boot.test.autoconfigure.web.client.MockRestServiceServerResetTestExecutionListener@59d2103b, org.springframework.boot.test.autoconfigure.web.servlet.MockMvcPrintOnlyOnFailureTestExecutionListener@39dcf4b0, org.springframework.boot.test.autoconfigure.web.servlet.WebDriverTestExecutionListener@6e4de19b, org.springframework.boot.test.autoconfigure.webservices.client.MockWebServiceServerTestExecutionListener@f6c03cb, org.springframework.boot.test.mock.mockito.ResetMocksTestExecutionListener@46f699d5]
16:35:24.097 [Test worker] DEBUG org.springframework.test.context.support.AbstractDirtiesContextTestExecutionListener - Before test class: context [DefaultTestContext@72a85671 testClass = StartApplicationTests, testInstance = [null], testMethod = [null], testException = [null], mergedContextConfiguration = [WebMergedContextConfiguration@6722db6e testClass = StartApplicationTests, locations = '{}', classes = '{class com.Recordum.start.StartApplication}', contextInitializerClasses = '[]', activeProfiles = '{}', propertySourceLocations = '{}', propertySourceProperties = '{org.springframework.boot.test.context.SpringBootTestContextBootstrapper=true}', contextCustomizers = set[org.springframework.boot.test.autoconfigure.actuate.metrics.MetricsExportContextCustomizerFactory$DisableMetricExportContextCustomizer@1b955cac, org.springframework.boot.test.autoconfigure.properties.PropertyMappingContextCustomizer@0, org.springframework.boot.test.autoconfigure.web.servlet.WebDriverContextCustomizerFactory$Customizer@7d1cfb8b, org.springframework.boot.test.context.filter.ExcludeFilterContextCustomizer@39655d3e, org.springframework.boot.test.json.DuplicateJsonObjectContextCustomizerFactory$DuplicateJsonObjectContextCustomizer@4b6e2263, org.springframework.boot.test.mock.mockito.MockitoContextCustomizer@0, org.springframework.boot.test.web.client.TestRestTemplateContextCustomizer@42bc14c1, org.springframework.boot.test.context.SpringBootTestArgs@1, org.springframework.boot.test.context.SpringBootTestWebEnvironment@50ad3bc1], resourceBasePath = 'src/main/webapp', contextLoader = 'org.springframework.boot.test.context.SpringBootContextLoader', parent = [null]], attributes = map['org.springframework.test.context.web.ServletTestExecutionListener.activateListener' -> true]], class annotated with @DirtiesContext [false] with mode [null].

  .   ____          _            __ _ _
 /\\ / ___'_ __ _ _(_)_ __  __ _ \ \ \ \
( ( )\___ | '_ | '_| | '_ \/ _` | \ \ \ \
 \\/  ___)| |_)| | | | | || (_| |  ) ) ) )
  '  |____| .__|_| |_|_| |_\__, | / / / /
 =========|_|==============|___/=/_/_/_/
 :: Spring Boot ::                (v2.7.5)

2022-11-23 16:35:24.375  INFO 2668 --- [    Test worker] c.Recordum.start.StartApplicationTests   : Starting StartApplicationTests using Java 17.0.5 on DevMin with PID 2668 (started by mingy in C:\Users\mingy\OneDrive\바탕 화면\Study\Spring\start)
2022-11-23 16:35:24.376  INFO 2668 --- [    Test worker] c.Recordum.start.StartApplicationTests   : No active profile set, falling back to 1 default profile: "default"
2022-11-23 16:35:25.388  INFO 2668 --- [    Test worker] o.s.b.a.w.s.WelcomePageHandlerMapping    : Adding welcome page: class path resource [static/index.html]
2022-11-23 16:35:25.634  INFO 2668 --- [    Test worker] c.Recordum.start.StartApplicationTests   : Started StartApplicationTests in 1.5 seconds (JVM running for 2.362)
]]></system-out>
  <system-err><![CDATA[]]></system-err>
</testsuite>
